<?xml version="1.0" encoding="UTF-8"?>
<!-- Generated by org.testng.reporters.JUnitReportReporter -->
<testsuite hostname="EKTA-LAPTOP" name="com.Facebook.Admin" tests="1" failures="0" timestamp="24 Aug 2020 18:52:56 GMT" time="21.083" errors="0">
  <testcase name="LoginCall" time="21.083" classname="com.Facebook.Admin"/>
</testsuite> <!-- com.Facebook.Admin -->
