<?xml version="1.0" encoding="UTF-8"?>
<!-- Generated by org.testng.reporters.JUnitReportReporter -->
<testsuite hostname="EKTA-LAPTOP" name="com.Facebook.Login" tests="1" failures="0" timestamp="21 Aug 2020 02:44:39 GMT" time="0.413" errors="0">
  <testcase name="userLogin" time="0.413" classname="com.Facebook.Login"/>
</testsuite> <!-- com.Facebook.Login -->
