<?xml version="1.0" encoding="UTF-8"?>
<!-- Generated by org.testng.reporters.JUnitReportReporter -->
<testsuite hostname="EKTA-LAPTOP" name="com.Facebook.FindingTableData" tests="1" failures="0" timestamp="22 Aug 2020 20:26:27 GMT" time="7.845" errors="0">
  <testcase name="frames" time="7.845" classname="com.Facebook.FindingTableData"/>
</testsuite> <!-- com.Facebook.FindingTableData -->
