<?xml version="1.0" encoding="UTF-8"?>
<!-- Generated by org.testng.reporters.JUnitReportReporter -->
<testsuite hostname="EKTA-LAPTOP" name="com.Facebook.GenericLogin" tests="2" failures="0" timestamp="24 Aug 2020 18:52:56 GMT" time="39.405" errors="0">
  <testcase name="patientLoginCall" time="24.639" classname="com.Facebook.GenericLogin"/>
  <testcase name="LoginCall" time="14.766" classname="com.Facebook.GenericLogin"/>
</testsuite> <!-- com.Facebook.GenericLogin -->
