<?xml version="1.0" encoding="UTF-8"?>
<!-- Generated by org.testng.reporters.JUnitReportReporter -->
<testsuite hostname="EKTA-LAPTOP" name="com.Facebook.practice" tests="1" failures="0" timestamp="22 Aug 2020 19:59:32 GMT" time="11.865" errors="0">
  <testcase name="practiceTotalQa" time="11.865" classname="com.Facebook.practice"/>
</testsuite> <!-- com.Facebook.practice -->
